Using pre-set license
Built from '2020.3/staging' branch; Version is '2020.3.0f1 (c7b5465681fb) revision 13088070'; Using compiler version '192528614'; Build Type 'Release'
OS: 'Windows 10 Home; OS build 19042.985; Version 2009; 64bit' Language: 'zh' Physical Memory: 8072 MB
BatchMode: 1, IsHumanControllingUs: 0, StartBugReporterOnCrash: 0, Is64bit: 1, IsPro: 0

 COMMAND LINE ARGUMENTS:
C:\Program Files\Unity\Hub\Editor\2020.3.0f1\Editor\Unity.exe
-adb2
-batchMode
-noUpm
-name
AssetImportWorker0
-projectPath
D:/Unity/專案/2D跑酷
-logFile
Logs/AssetImportWorker0.log
-srvPort
50394
Successfully changed project path to: D:/Unity/專案/2D跑酷
D:/Unity/專案/2D跑酷
Using Asset Import Pipeline V2.
Refreshing native plugins compatible for Editor in 126.69 ms, found 1 plugins.
Preloading 0 native plugins for Editor in 0.00 ms.
Initialize engine version: 2020.3.0f1 (c7b5465681fb)
[Subsystems] Discovering subsystems at path C:/Program Files/Unity/Hub/Editor/2020.3.0f1/Editor/Data/Resources/UnitySubsystems
[Subsystems] Discovering subsystems at path D:/Unity/專案/2D跑酷/Assets
GfxDevice: creating device client; threaded=0
Direct3D:
    Version:  Direct3D 11.0 [level 11.1]
    Renderer: NVIDIA GeForce GTX 1650 (ID=0x1f91)
    Vendor:   
    VRAM:     3962 MB
    Driver:   27.21.14.5167
Initialize mono
Mono path[0] = 'C:/Program Files/Unity/Hub/Editor/2020.3.0f1/Editor/Data/Managed'
Mono path[1] = 'C:/Program Files/Unity/Hub/Editor/2020.3.0f1/Editor/Data/MonoBleedingEdge/lib/mono/unityjit'
Mono config path = 'C:/Program Files/Unity/Hub/Editor/2020.3.0f1/Editor/Data/MonoBleedingEdge/etc'
Using monoOptions --debugger-agent=transport=dt_socket,embedding=1,server=y,suspend=n,address=127.0.0.1:56148
Begin MonoManager ReloadAssembly
Registering precompiled unity dll's ...
Register platform support module: C:/Program Files/Unity/Hub/Editor/2020.3.0f1/Editor/Data/PlaybackEngines/WindowsStandaloneSupport/UnityEditor.WindowsStandalone.Extensions.dll
Registered in 0.002879 seconds.
Native extension for WindowsStandalone target not found
Refreshing native plugins compatible for Editor in 87.93 ms, found 1 plugins.
Preloading 0 native plugins for Editor in 0.00 ms.
Invoked RoslynAnalysisRunner static constructor.
RoslynAnalysisRunner will not be running.
RoslynAnalysisRunner has terminated.
Mono: successfully reloaded assembly
- Completed reload, in  4.338 seconds
Platform modules already initialized, skipping
Registering precompiled user dll's ...
Registered in 0.002765 seconds.
Begin MonoManager ReloadAssembly
Native extension for WindowsStandalone target not found
Refreshing native plugins compatible for Editor in 107.40 ms, found 1 plugins.
Preloading 0 native plugins for Editor in 0.00 ms.
Invoked RoslynAnalysisRunner static constructor.
RoslynAnalysisRunner will not be running.
RoslynAnalysisRunner has terminated.
Mono: successfully reloaded assembly
- Completed reload, in  5.267 seconds
Platform modules already initialized, skipping
========================================================================
Worker process is ready to serve import requests
Launched and connected shader compiler UnityShaderCompiler.exe after 0.26 seconds
Refreshing native plugins compatible for Editor in 0.71 ms, found 1 plugins.
Preloading 0 native plugins for Editor in 0.00 ms.
Unloading 2112 Unused Serialized files (Serialized files now loaded: 0)
System memory in use before: 98.1 MB.
System memory in use after: 98.1 MB.

Unloading 26 unused Assets to reduce memory usage. Loaded Objects now: 2558.
Total: 4.175100 ms (FindLiveObjects: 0.398300 ms CreateObjectMapping: 0.139400 ms MarkObjects: 3.436800 ms  DeleteObjects: 0.199200 ms)

========================================================================
Received Import Request.
  path: Assets/2D Assets/RunCool/Scripts/BoyUserCtrl2D.cs
  artifactKey: Guid(755ee573b8164e5488ff407ccf0ec0f0) Importer(815301076,1909f56bfc062723c751e8b465ee728b)
Start importing Assets/2D Assets/RunCool/Scripts/BoyUserCtrl2D.cs using Guid(755ee573b8164e5488ff407ccf0ec0f0) Importer(815301076,1909f56bfc062723c751e8b465ee728b)  -> (artifact id: 'e6d45af95f6a4394ebe1c6aa57bff58f') in 0.076555 seconds
  Import took 0.110698 seconds .

========================================================================
Received Prepare
Refreshing native plugins compatible for Editor in 2.69 ms, found 1 plugins.
Preloading 0 native plugins for Editor in 0.00 ms.
Unloading 10 Unused Serialized files (Serialized files now loaded: 0)
System memory in use before: 56.5 MB.
System memory in use after: 56.5 MB.

Unloading 10 unused Assets to reduce memory usage. Loaded Objects now: 2558.
Total: 1.977100 ms (FindLiveObjects: 0.199100 ms CreateObjectMapping: 0.072300 ms MarkObjects: 1.611700 ms  DeleteObjects: 0.093000 ms)

========================================================================
Received Import Request.
  Time since last request: 345.852642 seconds.
  path: Assets/2D Assets/RunCool/Perfab/Style1 Obs.prefab
  artifactKey: Guid(0c39c0ed86bcf7f439b27f3891c2881f) Importer(815301076,1909f56bfc062723c751e8b465ee728b)
Start importing Assets/2D Assets/RunCool/Perfab/Style1 Obs.prefab using Guid(0c39c0ed86bcf7f439b27f3891c2881f) Importer(815301076,1909f56bfc062723c751e8b465ee728b)  -> (artifact id: '0e9c6fd9606344274aae82838b7e04ca') in 0.196399 seconds
  Import took 0.213564 seconds .

========================================================================
Received Import Request.
  Time since last request: 19.291112 seconds.
  path: Assets/2D Assets/RunCool/Perfab/Style1 Obs Variant Variant.prefab
  artifactKey: Guid(074c587f476a6d942bb498f8cc57ef1f) Importer(815301076,1909f56bfc062723c751e8b465ee728b)
Start importing Assets/2D Assets/RunCool/Perfab/Style1 Obs Variant Variant.prefab using Guid(074c587f476a6d942bb498f8cc57ef1f) Importer(815301076,1909f56bfc062723c751e8b465ee728b)  -> (artifact id: '4cf132216c661f54c2ad024e92c023ad') in 0.033492 seconds
  Import took 0.052229 seconds .

========================================================================
Received Import Request.
  Time since last request: 0.995861 seconds.
  path: Assets/2D Assets/RunCool/Perfab/Style1 Obs Variant.prefab
  artifactKey: Guid(2d94aa1fb611f2e40abd5754fe59b8e5) Importer(815301076,1909f56bfc062723c751e8b465ee728b)
Start importing Assets/2D Assets/RunCool/Perfab/Style1 Obs Variant.prefab using Guid(2d94aa1fb611f2e40abd5754fe59b8e5) Importer(815301076,1909f56bfc062723c751e8b465ee728b)  -> (artifact id: '7b851e7b9a8bbc66272f543ba12a70a4') in 0.019541 seconds
  Import took 0.150394 seconds .

========================================================================
Received Import Request.
  Time since last request: 7.815534 seconds.
  path: Assets/2D Assets/RunCool/Perfab/Style1 Obs.prefab
  artifactKey: Guid(0c39c0ed86bcf7f439b27f3891c2881f) Importer(815301076,1909f56bfc062723c751e8b465ee728b)
Start importing Assets/2D Assets/RunCool/Perfab/Style1 Obs.prefab using Guid(0c39c0ed86bcf7f439b27f3891c2881f) Importer(815301076,1909f56bfc062723c751e8b465ee728b)  -> (artifact id: 'd7c4ba9698bf81d3d13d1e72d3e2ecf7') in 0.018140 seconds
  Import took 0.158183 seconds .

========================================================================
Received Import Request.
  Time since last request: 6.951962 seconds.
  path: ProjectSettings/TagManager.asset
  artifactKey: Guid(00000000000000003000000000000000) Importer(815301076,1909f56bfc062723c751e8b465ee728b)
Start importing ProjectSettings/TagManager.asset using Guid(00000000000000003000000000000000) Importer(815301076,1909f56bfc062723c751e8b465ee728b)  -> (artifact id: '603c1af43214f2de5d2323d3aa593efd') in 0.008400 seconds
  Import took 0.019022 seconds .

========================================================================
Received Prepare
Registering precompiled user dll's ...
Registered in 0.001529 seconds.
Begin MonoManager ReloadAssembly
Native extension for WindowsStandalone target not found
Refreshing native plugins compatible for Editor in 0.38 ms, found 1 plugins.
Preloading 0 native plugins for Editor in 0.00 ms.
Invoked RoslynAnalysisRunner static constructor.
RoslynAnalysisRunner will not be running.
RoslynAnalysisRunner has terminated.
Mono: successfully reloaded assembly
- Completed reload, in  0.846 seconds
Platform modules already initialized, skipping
Refreshing native plugins compatible for Editor in 0.40 ms, found 1 plugins.
Preloading 0 native plugins for Editor in 0.00 ms.
Unloading 2107 Unused Serialized files (Serialized files now loaded: 0)
System memory in use before: 101.3 MB.
System memory in use after: 101.3 MB.

Unloading 13 unused Assets to reduce memory usage. Loaded Objects now: 2569.
Total: 2.177400 ms (FindLiveObjects: 0.206300 ms CreateObjectMapping: 0.082000 ms MarkObjects: 1.790200 ms  DeleteObjects: 0.097700 ms)

========================================================================
Received Prepare
Registering precompiled user dll's ...
Registered in 0.001772 seconds.
Begin MonoManager ReloadAssembly
Native extension for WindowsStandalone target not found
Refreshing native plugins compatible for Editor in 0.36 ms, found 1 plugins.
Preloading 0 native plugins for Editor in 0.00 ms.
Invoked RoslynAnalysisRunner static constructor.
RoslynAnalysisRunner will not be running.
RoslynAnalysisRunner has terminated.
Mono: successfully reloaded assembly
- Completed reload, in  0.863 seconds
Platform modules already initialized, skipping
Refreshing native plugins compatible for Editor in 0.46 ms, found 1 plugins.
Preloading 0 native plugins for Editor in 0.00 ms.
Unloading 2107 Unused Serialized files (Serialized files now loaded: 0)
System memory in use before: 101.3 MB.
System memory in use after: 101.3 MB.

Unloading 12 unused Assets to reduce memory usage. Loaded Objects now: 2573.
Total: 2.446800 ms (FindLiveObjects: 0.197000 ms CreateObjectMapping: 0.073200 ms MarkObjects: 2.007200 ms  DeleteObjects: 0.168200 ms)

========================================================================
Received Prepare
Registering precompiled user dll's ...
Registered in 0.001585 seconds.
Begin MonoManager ReloadAssembly
Native extension for WindowsStandalone target not found
Refreshing native plugins compatible for Editor in 0.37 ms, found 1 plugins.
Preloading 0 native plugins for Editor in 0.00 ms.
Invoked RoslynAnalysisRunner static constructor.
RoslynAnalysisRunner will not be running.
RoslynAnalysisRunner has terminated.
Mono: successfully reloaded assembly
- Completed reload, in  0.836 seconds
Platform modules already initialized, skipping
Refreshing native plugins compatible for Editor in 0.40 ms, found 1 plugins.
Preloading 0 native plugins for Editor in 0.00 ms.
Unloading 2107 Unused Serialized files (Serialized files now loaded: 0)
System memory in use before: 101.3 MB.
System memory in use after: 101.3 MB.

Unloading 12 unused Assets to reduce memory usage. Loaded Objects now: 2577.
Total: 2.169200 ms (FindLiveObjects: 0.242000 ms CreateObjectMapping: 0.093200 ms MarkObjects: 1.732800 ms  DeleteObjects: 0.099700 ms)

========================================================================
Received Prepare
Registering precompiled user dll's ...
Registered in 0.001644 seconds.
Begin MonoManager ReloadAssembly
Native extension for WindowsStandalone target not found
Refreshing native plugins compatible for Editor in 0.44 ms, found 1 plugins.
Preloading 0 native plugins for Editor in 0.00 ms.
Invoked RoslynAnalysisRunner static constructor.
RoslynAnalysisRunner will not be running.
RoslynAnalysisRunner has terminated.
Mono: successfully reloaded assembly
- Completed reload, in  0.962 seconds
Platform modules already initialized, skipping
Refreshing native plugins compatible for Editor in 0.43 ms, found 1 plugins.
Preloading 0 native plugins for Editor in 0.00 ms.
Unloading 2107 Unused Serialized files (Serialized files now loaded: 0)
System memory in use before: 101.3 MB.
System memory in use after: 101.3 MB.

Unloading 12 unused Assets to reduce memory usage. Loaded Objects now: 2581.
Total: 2.538500 ms (FindLiveObjects: 0.359400 ms CreateObjectMapping: 0.133700 ms MarkObjects: 1.929300 ms  DeleteObjects: 0.114900 ms)

========================================================================
Received Prepare
Registering precompiled user dll's ...
Registered in 0.001469 seconds.
Begin MonoManager ReloadAssembly
Native extension for WindowsStandalone target not found
Refreshing native plugins compatible for Editor in 0.39 ms, found 1 plugins.
Preloading 0 native plugins for Editor in 0.00 ms.
Invoked RoslynAnalysisRunner static constructor.
RoslynAnalysisRunner will not be running.
RoslynAnalysisRunner has terminated.
Mono: successfully reloaded assembly
- Completed reload, in  0.915 seconds
Platform modules already initialized, skipping
Refreshing native plugins compatible for Editor in 0.44 ms, found 1 plugins.
Preloading 0 native plugins for Editor in 0.00 ms.
Unloading 2107 Unused Serialized files (Serialized files now loaded: 0)
System memory in use before: 101.4 MB.
System memory in use after: 101.4 MB.

Unloading 12 unused Assets to reduce memory usage. Loaded Objects now: 2585.
Total: 2.980300 ms (FindLiveObjects: 0.444000 ms CreateObjectMapping: 0.143300 ms MarkObjects: 2.268400 ms  DeleteObjects: 0.122700 ms)

========================================================================
Received Prepare
Registering precompiled user dll's ...
Registered in 0.001615 seconds.
Begin MonoManager ReloadAssembly
Native extension for WindowsStandalone target not found
Refreshing native plugins compatible for Editor in 0.42 ms, found 1 plugins.
Preloading 0 native plugins for Editor in 0.00 ms.
Invoked RoslynAnalysisRunner static constructor.
RoslynAnalysisRunner will not be running.
RoslynAnalysisRunner has terminated.
Mono: successfully reloaded assembly
- Completed reload, in  0.977 seconds
Platform modules already initialized, skipping
Refreshing native plugins compatible for Editor in 0.62 ms, found 1 plugins.
Preloading 0 native plugins for Editor in 0.00 ms.
Unloading 2107 Unused Serialized files (Serialized files now loaded: 0)
System memory in use before: 101.4 MB.
System memory in use after: 101.4 MB.

Unloading 12 unused Assets to reduce memory usage. Loaded Objects now: 2589.
Total: 3.228900 ms (FindLiveObjects: 0.221200 ms CreateObjectMapping: 0.089500 ms MarkObjects: 2.747600 ms  DeleteObjects: 0.169700 ms)

========================================================================
Received Prepare
Registering precompiled user dll's ...
Registered in 0.001626 seconds.
Begin MonoManager ReloadAssembly
Native extension for WindowsStandalone target not found
Refreshing native plugins compatible for Editor in 0.40 ms, found 1 plugins.
Preloading 0 native plugins for Editor in 0.00 ms.
Invoked RoslynAnalysisRunner static constructor.
RoslynAnalysisRunner will not be running.
RoslynAnalysisRunner has terminated.
Mono: successfully reloaded assembly
- Completed reload, in  0.860 seconds
Platform modules already initialized, skipping
Refreshing native plugins compatible for Editor in 0.46 ms, found 1 plugins.
Preloading 0 native plugins for Editor in 0.00 ms.
Unloading 2107 Unused Serialized files (Serialized files now loaded: 0)
System memory in use before: 101.4 MB.
System memory in use after: 101.4 MB.

Unloading 12 unused Assets to reduce memory usage. Loaded Objects now: 2593.
Total: 2.235800 ms (FindLiveObjects: 0.229000 ms CreateObjectMapping: 0.077600 ms MarkObjects: 1.796400 ms  DeleteObjects: 0.132100 ms)

========================================================================
Received Import Request.
  Time since last request: 1024.612920 seconds.
  path: Assets/2D Assets/RunCool/Perfab/Style1 Obs.prefab
  artifactKey: Guid(0c39c0ed86bcf7f439b27f3891c2881f) Importer(815301076,1909f56bfc062723c751e8b465ee728b)
Start importing Assets/2D Assets/RunCool/Perfab/Style1 Obs.prefab using Guid(0c39c0ed86bcf7f439b27f3891c2881f) Importer(815301076,1909f56bfc062723c751e8b465ee728b)  -> (artifact id: '2819fa870e2e554ce4cb2dae6142cf60') in 0.065471 seconds
  Import took 0.093537 seconds .

========================================================================
Received Prepare
Registering precompiled user dll's ...
Registered in 0.001786 seconds.
Begin MonoManager ReloadAssembly
Native extension for WindowsStandalone target not found
Refreshing native plugins compatible for Editor in 0.50 ms, found 1 plugins.
Preloading 0 native plugins for Editor in 0.00 ms.
Invoked RoslynAnalysisRunner static constructor.
RoslynAnalysisRunner will not be running.
RoslynAnalysisRunner has terminated.
Mono: successfully reloaded assembly
- Completed reload, in  1.452 seconds
Platform modules already initialized, skipping
Refreshing native plugins compatible for Editor in 0.44 ms, found 1 plugins.
Preloading 0 native plugins for Editor in 0.00 ms.
Unloading 2107 Unused Serialized files (Serialized files now loaded: 0)
System memory in use before: 101.4 MB.
System memory in use after: 101.4 MB.

Unloading 12 unused Assets to reduce memory usage. Loaded Objects now: 2598.
Total: 2.529300 ms (FindLiveObjects: 0.246000 ms CreateObjectMapping: 0.077100 ms MarkObjects: 2.102900 ms  DeleteObjects: 0.102000 ms)

========================================================================
Received Prepare
Registering precompiled user dll's ...
Registered in 0.003613 seconds.
Begin MonoManager ReloadAssembly
Native extension for WindowsStandalone target not found
Refreshing native plugins compatible for Editor in 0.39 ms, found 1 plugins.
Preloading 0 native plugins for Editor in 0.00 ms.
Invoked RoslynAnalysisRunner static constructor.
RoslynAnalysisRunner will not be running.
RoslynAnalysisRunner has terminated.
Mono: successfully reloaded assembly
- Completed reload, in  0.947 seconds
Platform modules already initialized, skipping
Refreshing native plugins compatible for Editor in 0.57 ms, found 1 plugins.
Preloading 0 native plugins for Editor in 0.00 ms.
Unloading 2107 Unused Serialized files (Serialized files now loaded: 0)
System memory in use before: 101.4 MB.
System memory in use after: 101.4 MB.

Unloading 12 unused Assets to reduce memory usage. Loaded Objects now: 2602.
Total: 3.593100 ms (FindLiveObjects: 0.575800 ms CreateObjectMapping: 0.160600 ms MarkObjects: 2.711600 ms  DeleteObjects: 0.143700 ms)

========================================================================
Received Prepare
Registering precompiled user dll's ...
Registered in 0.002288 seconds.
Begin MonoManager ReloadAssembly
Native extension for WindowsStandalone target not found
Refreshing native plugins compatible for Editor in 0.38 ms, found 1 plugins.
Preloading 0 native plugins for Editor in 0.00 ms.
Invoked RoslynAnalysisRunner static constructor.
RoslynAnalysisRunner will not be running.
RoslynAnalysisRunner has terminated.
Mono: successfully reloaded assembly
- Completed reload, in  0.859 seconds
Platform modules already initialized, skipping
Refreshing native plugins compatible for Editor in 0.37 ms, found 1 plugins.
Preloading 0 native plugins for Editor in 0.00 ms.
Unloading 2107 Unused Serialized files (Serialized files now loaded: 0)
System memory in use before: 101.4 MB.
System memory in use after: 101.4 MB.

Unloading 12 unused Assets to reduce memory usage. Loaded Objects now: 2606.
Total: 2.066100 ms (FindLiveObjects: 0.192800 ms CreateObjectMapping: 0.060100 ms MarkObjects: 1.716600 ms  DeleteObjects: 0.095700 ms)

========================================================================
Received Prepare
Registering precompiled user dll's ...
Registered in 0.001455 seconds.
Begin MonoManager ReloadAssembly
Native extension for WindowsStandalone target not found
Refreshing native plugins compatible for Editor in 0.39 ms, found 1 plugins.
Preloading 0 native plugins for Editor in 0.00 ms.
Invoked RoslynAnalysisRunner static constructor.
RoslynAnalysisRunner will not be running.
RoslynAnalysisRunner has terminated.
Mono: successfully reloaded assembly
- Completed reload, in  0.934 seconds
Platform modules already initialized, skipping
Refreshing native plugins compatible for Editor in 0.39 ms, found 1 plugins.
Preloading 0 native plugins for Editor in 0.00 ms.
Unloading 2107 Unused Serialized files (Serialized files now loaded: 0)
System memory in use before: 101.4 MB.
System memory in use after: 101.4 MB.

Unloading 12 unused Assets to reduce memory usage. Loaded Objects now: 2610.
Total: 2.466300 ms (FindLiveObjects: 0.241200 ms CreateObjectMapping: 0.091500 ms MarkObjects: 2.021400 ms  DeleteObjects: 0.111200 ms)

========================================================================
Received Import Request.
  Time since last request: 192.461150 seconds.
  path: Assets/2D Assets/RunCool/Perfab/Style1 Obs.prefab
  artifactKey: Guid(0c39c0ed86bcf7f439b27f3891c2881f) Importer(815301076,1909f56bfc062723c751e8b465ee728b)
Start importing Assets/2D Assets/RunCool/Perfab/Style1 Obs.prefab using Guid(0c39c0ed86bcf7f439b27f3891c2881f) Importer(815301076,1909f56bfc062723c751e8b465ee728b)  -> (artifact id: 'f23b5e51ba96e350414cf949bba384fa') in 1.568454 seconds
  Import took 1.798589 seconds .

========================================================================
Received Prepare
Registering precompiled user dll's ...
Registered in 0.001801 seconds.
Begin MonoManager ReloadAssembly
Native extension for WindowsStandalone target not found
Refreshing native plugins compatible for Editor in 0.40 ms, found 1 plugins.
Preloading 0 native plugins for Editor in 0.00 ms.
Invoked RoslynAnalysisRunner static constructor.
RoslynAnalysisRunner will not be running.
RoslynAnalysisRunner has terminated.
Mono: successfully reloaded assembly
- Completed reload, in  0.885 seconds
Platform modules already initialized, skipping
Refreshing native plugins compatible for Editor in 0.39 ms, found 1 plugins.
Preloading 0 native plugins for Editor in 0.00 ms.
Unloading 2107 Unused Serialized files (Serialized files now loaded: 0)
System memory in use before: 101.4 MB.
System memory in use after: 101.4 MB.

Unloading 12 unused Assets to reduce memory usage. Loaded Objects now: 2615.
Total: 2.953200 ms (FindLiveObjects: 0.459300 ms CreateObjectMapping: 0.126100 ms MarkObjects: 2.159700 ms  DeleteObjects: 0.205700 ms)

========================================================================
Received Import Request.
  Time since last request: 81.867036 seconds.
  path: Assets/2D Assets/RunCool/Perfab/Style1 Obs.prefab
  artifactKey: Guid(0c39c0ed86bcf7f439b27f3891c2881f) Importer(815301076,1909f56bfc062723c751e8b465ee728b)
Start importing Assets/2D Assets/RunCool/Perfab/Style1 Obs.prefab using Guid(0c39c0ed86bcf7f439b27f3891c2881f) Importer(815301076,1909f56bfc062723c751e8b465ee728b)  -> (artifact id: '0e9543b8c5e78bacc660244ca6dd9e05') in 0.179319 seconds
  Import took 0.184220 seconds .

========================================================================
Received Import Request.
  Time since last request: 0.603169 seconds.
  path: Assets/2D Assets/RunCool/Perfab/Style1 Obs Variant.prefab
  artifactKey: Guid(2d94aa1fb611f2e40abd5754fe59b8e5) Importer(815301076,1909f56bfc062723c751e8b465ee728b)
Start importing Assets/2D Assets/RunCool/Perfab/Style1 Obs Variant.prefab using Guid(2d94aa1fb611f2e40abd5754fe59b8e5) Importer(815301076,1909f56bfc062723c751e8b465ee728b)  -> (artifact id: '081b4d3a13152feb59509aa2797c74c6') in 0.129596 seconds
  Import took 0.133878 seconds .

========================================================================
Received Import Request.
  Time since last request: 1.054424 seconds.
  path: Assets/2D Assets/RunCool/Perfab/Style1 Obs Variant Variant.prefab
  artifactKey: Guid(074c587f476a6d942bb498f8cc57ef1f) Importer(815301076,1909f56bfc062723c751e8b465ee728b)
Start importing Assets/2D Assets/RunCool/Perfab/Style1 Obs Variant Variant.prefab using Guid(074c587f476a6d942bb498f8cc57ef1f) Importer(815301076,1909f56bfc062723c751e8b465ee728b)  -> (artifact id: 'd9d7734bf8af2db86f02a92254203eba') in 0.027505 seconds
  Import took 0.133859 seconds .

========================================================================
Received Import Request.
  Time since last request: 1.576353 seconds.
  path: Assets/2D Assets/RunCool/Perfab/Style1 Jump.prefab
  artifactKey: Guid(bd3e77585bf28c0478eaa2c842f0721e) Importer(815301076,1909f56bfc062723c751e8b465ee728b)
Start importing Assets/2D Assets/RunCool/Perfab/Style1 Jump.prefab using Guid(bd3e77585bf28c0478eaa2c842f0721e) Importer(815301076,1909f56bfc062723c751e8b465ee728b)  -> (artifact id: 'c8b1622e15c74cf8f20eed3184faf3ee') in 0.017484 seconds
  Import took 0.044855 seconds .

========================================================================
Received Import Request.
  Time since last request: 60.452433 seconds.
  path: Assets/2D Assets/RunCool/Perfab/Style2 Variant Jump.prefab
  artifactKey: Guid(85c4a628655f0e24a847d120e755f1c0) Importer(815301076,1909f56bfc062723c751e8b465ee728b)
Start importing Assets/2D Assets/RunCool/Perfab/Style2 Variant Jump.prefab using Guid(85c4a628655f0e24a847d120e755f1c0) Importer(815301076,1909f56bfc062723c751e8b465ee728b)  -> (artifact id: 'f32cf818c197f1c7237e68d336c5485a') in 0.026018 seconds
  Import took 0.030319 seconds .

========================================================================
Received Import Request.
  Time since last request: 38.946342 seconds.
  path: Assets/2D Assets/RunCool/Perfab/Style1 Jump.prefab
  artifactKey: Guid(bd3e77585bf28c0478eaa2c842f0721e) Importer(815301076,1909f56bfc062723c751e8b465ee728b)
Start importing Assets/2D Assets/RunCool/Perfab/Style1 Jump.prefab using Guid(bd3e77585bf28c0478eaa2c842f0721e) Importer(815301076,1909f56bfc062723c751e8b465ee728b)  -> (artifact id: 'd3777db321901d6aae3999bbf6923f22') in 0.015960 seconds
  Import took 0.393827 seconds .

========================================================================
Received Import Request.
  Time since last request: 7.101330 seconds.
  path: Assets/2D Assets/RunCool/Perfab/Style3 Variant Jump.prefab
  artifactKey: Guid(53c7bf893ca034d4889cf5560ead3c2e) Importer(815301076,1909f56bfc062723c751e8b465ee728b)
Start importing Assets/2D Assets/RunCool/Perfab/Style3 Variant Jump.prefab using Guid(53c7bf893ca034d4889cf5560ead3c2e) Importer(815301076,1909f56bfc062723c751e8b465ee728b)  -> (artifact id: 'dd1ecd09e4c4c4c4d12691f40332a195') in 0.021995 seconds
  Import took 0.025771 seconds .

========================================================================
Received Prepare
Registering precompiled user dll's ...
Registered in 0.001533 seconds.
Begin MonoManager ReloadAssembly
Native extension for WindowsStandalone target not found
Refreshing native plugins compatible for Editor in 0.37 ms, found 1 plugins.
Preloading 0 native plugins for Editor in 0.00 ms.
Invoked RoslynAnalysisRunner static constructor.
RoslynAnalysisRunner will not be running.
RoslynAnalysisRunner has terminated.
Mono: successfully reloaded assembly
- Completed reload, in  0.845 seconds
Platform modules already initialized, skipping
Refreshing native plugins compatible for Editor in 0.43 ms, found 1 plugins.
Preloading 0 native plugins for Editor in 0.00 ms.
Unloading 2107 Unused Serialized files (Serialized files now loaded: 0)
System memory in use before: 101.5 MB.
System memory in use after: 101.5 MB.

Unloading 12 unused Assets to reduce memory usage. Loaded Objects now: 2620.
Total: 2.753400 ms (FindLiveObjects: 0.249900 ms CreateObjectMapping: 0.096700 ms MarkObjects: 2.293300 ms  DeleteObjects: 0.112500 ms)

========================================================================
Received Import Request.
  Time since last request: 19.647945 seconds.
  path: Assets/2D Assets/RunCool/Perfab/Style1 Obs Variant.prefab
  artifactKey: Guid(2d94aa1fb611f2e40abd5754fe59b8e5) Importer(815301076,1909f56bfc062723c751e8b465ee728b)
Start importing Assets/2D Assets/RunCool/Perfab/Style1 Obs Variant.prefab using Guid(2d94aa1fb611f2e40abd5754fe59b8e5) Importer(815301076,1909f56bfc062723c751e8b465ee728b)  -> (artifact id: '1aacfbb251aedfe797cf978b4ab1177a') in 0.064228 seconds
  Import took 0.094250 seconds .

========================================================================
Received Import Request.
  Time since last request: 0.922677 seconds.
  path: Assets/2D Assets/RunCool/Perfab/Style1 Obs Variant Variant.prefab
  artifactKey: Guid(074c587f476a6d942bb498f8cc57ef1f) Importer(815301076,1909f56bfc062723c751e8b465ee728b)
Start importing Assets/2D Assets/RunCool/Perfab/Style1 Obs Variant Variant.prefab using Guid(074c587f476a6d942bb498f8cc57ef1f) Importer(815301076,1909f56bfc062723c751e8b465ee728b)  -> (artifact id: '62a05ab80118a51b25cb8b94ff0b8cd4') in 0.022931 seconds
  Import took 0.027377 seconds .

========================================================================
Received Import Request.
  Time since last request: 2.325960 seconds.
  path: Assets/2D Assets/RunCool/Perfab/Style1 Obs Variant Variant.prefab
  artifactKey: Guid(074c587f476a6d942bb498f8cc57ef1f) Importer(815301076,1909f56bfc062723c751e8b465ee728b)
Start importing Assets/2D Assets/RunCool/Perfab/Style1 Obs Variant Variant.prefab using Guid(074c587f476a6d942bb498f8cc57ef1f) Importer(815301076,1909f56bfc062723c751e8b465ee728b)  -> (artifact id: '6bdc2ea6014e151456f202b72b609f68') in 0.024547 seconds
  Import took 0.029820 seconds .

========================================================================
Received Prepare
Registering precompiled user dll's ...
Registered in 0.001619 seconds.
Begin MonoManager ReloadAssembly
Native extension for WindowsStandalone target not found
Refreshing native plugins compatible for Editor in 0.72 ms, found 1 plugins.
Preloading 0 native plugins for Editor in 0.00 ms.
Invoked RoslynAnalysisRunner static constructor.
RoslynAnalysisRunner will not be running.
RoslynAnalysisRunner has terminated.
Mono: successfully reloaded assembly
- Completed reload, in  0.897 seconds
Platform modules already initialized, skipping
Refreshing native plugins compatible for Editor in 0.40 ms, found 1 plugins.
Preloading 0 native plugins for Editor in 0.00 ms.
Unloading 2107 Unused Serialized files (Serialized files now loaded: 0)
System memory in use before: 101.5 MB.
System memory in use after: 101.5 MB.

Unloading 12 unused Assets to reduce memory usage. Loaded Objects now: 2625.
Total: 2.228400 ms (FindLiveObjects: 0.179700 ms CreateObjectMapping: 0.068200 ms MarkObjects: 1.886100 ms  DeleteObjects: 0.093600 ms)

========================================================================
Received Import Request.
  Time since last request: 30.223749 seconds.
  path: Assets/2D Assets/RunCool/Perfab/Style1 Obs Variant.prefab
  artifactKey: Guid(2d94aa1fb611f2e40abd5754fe59b8e5) Importer(815301076,1909f56bfc062723c751e8b465ee728b)
Start importing Assets/2D Assets/RunCool/Perfab/Style1 Obs Variant.prefab using Guid(2d94aa1fb611f2e40abd5754fe59b8e5) Importer(815301076,1909f56bfc062723c751e8b465ee728b)  -> (artifact id: 'f70221e2083287e5871a046f7e1d101e') in 0.077949 seconds
  Import took 0.108919 seconds .

========================================================================
Received Import Request.
  Time since last request: 0.000257 seconds.
  path: Assets/2D Assets/RunCool/Perfab/Style1 Obs Variant Variant.prefab
  artifactKey: Guid(074c587f476a6d942bb498f8cc57ef1f) Importer(815301076,1909f56bfc062723c751e8b465ee728b)
Start importing Assets/2D Assets/RunCool/Perfab/Style1 Obs Variant Variant.prefab using Guid(074c587f476a6d942bb498f8cc57ef1f) Importer(815301076,1909f56bfc062723c751e8b465ee728b)  -> (artifact id: '87e1679fd8e03d1c859784d362949efc') in 0.024514 seconds
  Import took 0.052309 seconds .

========================================================================
Received Import Request.
  Time since last request: 0.654072 seconds.
  path: Assets/2D Assets/RunCool/Perfab/Style1 Obs Variant Variant.prefab
  artifactKey: Guid(074c587f476a6d942bb498f8cc57ef1f) Importer(815301076,1909f56bfc062723c751e8b465ee728b)
Start importing Assets/2D Assets/RunCool/Perfab/Style1 Obs Variant Variant.prefab using Guid(074c587f476a6d942bb498f8cc57ef1f) Importer(815301076,1909f56bfc062723c751e8b465ee728b)  -> (artifact id: '08f4443e148beee822b164aee430b48b') in 0.023602 seconds
  Import took 0.028710 seconds .

========================================================================
Received Import Request.
  Time since last request: 0.000535 seconds.
  path: Assets/2D Assets/RunCool/Perfab/Style1 Obs Variant Variant.prefab
  artifactKey: Guid(074c587f476a6d942bb498f8cc57ef1f) Importer(815301076,1909f56bfc062723c751e8b465ee728b)
Start importing Assets/2D Assets/RunCool/Perfab/Style1 Obs Variant Variant.prefab using Guid(074c587f476a6d942bb498f8cc57ef1f) Importer(815301076,1909f56bfc062723c751e8b465ee728b)  -> (artifact id: '08f4443e148beee822b164aee430b48b') in 0.022193 seconds
  Import took 0.026462 seconds .

========================================================================
Received Prepare
Registering precompiled user dll's ...
Registered in 0.019283 seconds.
Begin MonoManager ReloadAssembly
Native extension for WindowsStandalone target not found
Refreshing native plugins compatible for Editor in 0.38 ms, found 1 plugins.
Preloading 0 native plugins for Editor in 0.00 ms.
Invoked RoslynAnalysisRunner static constructor.
RoslynAnalysisRunner will not be running.
RoslynAnalysisRunner has terminated.
Mono: successfully reloaded assembly
- Completed reload, in  0.839 seconds
Platform modules already initialized, skipping
Refreshing native plugins compatible for Editor in 0.40 ms, found 1 plugins.
Preloading 0 native plugins for Editor in 0.00 ms.
Unloading 2107 Unused Serialized files (Serialized files now loaded: 0)
System memory in use before: 101.6 MB.
System memory in use after: 101.6 MB.

Unloading 12 unused Assets to reduce memory usage. Loaded Objects now: 2630.
Total: 2.424000 ms (FindLiveObjects: 0.255300 ms CreateObjectMapping: 0.098800 ms MarkObjects: 1.963200 ms  DeleteObjects: 0.105200 ms)

AssetImportWorkerClient::OnTransportError - code=2 error=End of file
